2025-06-26 10:48:18,172 INFO Please enter a valid Subject ID and Test Number (1 or 2).
2025-06-26 10:48:34,746 INFO Failed to start Actichamp: [WinError 2] The system cannot find the file specified
2025-06-26 10:48:39,331 INFO LabRecorder opened.
2025-06-26 10:49:11,646 INFO Failed to connect to Eye Tracker
2025-06-26 10:49:24,087 INFO LabRecorder not connected in Control Window
2025-06-26 10:51:11,828 INFO Eyetracker not connected in Control Window
2025-06-26 10:51:11,845 INFO LabRecorder not connected in Control Window
2025-06-26 10:51:26,536 INFO Current test: Unisensory Neutral Visual
2025-06-26 10:51:26,548 INFO Current label: Corona Image
2025-06-26 10:51:31,552 INFO Current label: Miller Image
2025-06-26 10:51:34,036 INFO LabRecorder opened.
2025-06-26 10:51:36,553 INFO Current label: Beer Image
2025-06-26 10:51:41,554 INFO Current label: Stella Image
2025-06-26 10:51:48,418 INFO Closing DisplayWindow...
2025-06-26 10:51:50,425 INFO No display_widget found for saving data.
2025-06-30 10:30:01,740 INFO Client: Connected to host.
2025-06-30 10:30:48,606 INFO Client: Connected to host.
2025-06-30 10:31:54,224 INFO Client: Connected to host.
2025-07-07 12:16:43,011 INFO Host: Waiting for client on port 9999...
2025-07-07 12:16:44,540 INFO Host: Connected by ('169.254.185.196', 55402)
2025-07-07 12:16:46,091 INFO Host: Listening for commands...
2025-07-07 12:17:05,679 INFO Cannot close host while client is connected. Please close the client first.
2025-07-07 12:17:10,012 INFO Client disconnected.
2025-07-07 12:17:10,012 INFO Host: Listener crashed: [WinError 10054] An existing connection was forcibly closed by the remote host
2025-07-07 12:17:27,404 INFO Host: Waiting for client on port 9999...
2025-07-07 12:17:29,578 INFO Host: Connected by ('169.254.185.196', 55418)
2025-07-07 12:17:31,124 INFO Host: Listening for commands...
2025-07-07 12:17:40,391 INFO Cannot close host while client is connected. Please close the client first.
2025-07-07 12:17:43,167 INFO Client disconnected.
2025-07-07 12:17:43,167 INFO Host: Listener crashed: [WinError 10054] An existing connection was forcibly closed by the remote host
2025-07-07 12:18:09,809 INFO Host: Waiting for client on port 9999...
2025-07-07 12:18:10,784 INFO Host: Connected by ('169.254.185.196', 55424)
2025-07-07 12:18:12,295 INFO Host: Listening for commands...
2025-07-07 12:18:54,190 INFO Host: Received line: '"action": "start_button", "test": "Multisensory Neutral Visual, Tactile & Olfactory"}'
2025-07-07 12:18:54,242 INFO LabRecorder not connected
2025-07-07 12:18:54,242 INFO Eyetracker not connected
2025-07-07 12:18:54,242 INFO Host: Starting test...
2025-07-07 12:18:54,314 INFO Host: Received line: '"action": "label", "label": "showing crosshair instructions"}'
2025-07-07 12:18:54,314 INFO Host: Pushing label: showing crosshair instructions
2025-07-07 12:18:59,330 INFO Host: Received line: '"action": "label", "label": "showing crosshair period"}'
2025-07-07 12:18:59,331 INFO Host: Pushing label: showing crosshair period
2025-07-07 12:19:04,336 INFO Host: Received line: '"action": "label", "label": "showing main instructions"}'
2025-07-07 12:19:04,336 INFO Host: Pushing label: showing main instructions
2025-07-07 12:19:05,982 INFO Host: Received line: '"action": "label", "label": "Starting countdown"}'
2025-07-07 12:19:05,983 INFO Host: Pushing label: Starting countdown
2025-07-07 12:19:09,008 INFO Host: Received line: '"action": "label", "label": "Countdown Finished, starting experiment"}'
2025-07-07 12:19:09,009 INFO Host: Pushing label: Countdown Finished, starting experiment
2025-07-07 12:19:10,022 INFO Host: Received line: '"action": "label", "label": "Beer Image"}'
2025-07-07 12:19:10,022 INFO Host: Pushing label: Beer Image
2025-07-07 12:19:27,862 INFO Host: Received line: '"action": "touchbox_lsl_true"}'
2025-07-07 12:19:29,866 INFO Host: Received line: '"action": "label", "label": "Corona Image"}'
2025-07-07 12:19:29,866 INFO Host: Pushing label: Corona Image
2025-07-07 12:20:50,761 INFO Client disconnected.
: [WinError 10054] An existing connection was forcibly closed by the remote host
2025-07-07 13:40:02,482 INFO Host: Waiting for client on port 9999...
2025-07-07 13:40:02,691 INFO Host: Connected by ('169.254.185.196', 57747)
2025-07-07 13:40:04,263 INFO Host: Listening for commands...
2025-07-07 13:42:02,466 INFO Host: Received line: '"action": "start_button", "test": "Multisensory Neutral Visual, Tactile & Olfactory"}'
2025-07-07 13:42:02,516 INFO LabRecorder not connected
2025-07-07 13:42:02,516 INFO Eyetracker not connected
2025-07-07 13:42:02,516 INFO Host: Starting test...
2025-07-07 13:42:02,571 INFO Host: Received line: '"action": "label", "label": "showing crosshair instructions"}'
2025-07-07 13:42:02,571 INFO Host: Pushing label: showing crosshair instructions
2025-07-07 13:42:07,559 INFO Host: Received line: '"action": "label", "label": "showing crosshair period"}'
2025-07-07 13:42:07,560 INFO Host: Pushing label: showing crosshair period
2025-07-07 13:42:12,573 INFO Host: Received line: '"action": "label", "label": "showing main instructions"}'
2025-07-07 13:42:12,574 INFO Host: Pushing label: showing main instructions
2025-07-07 13:42:14,041 INFO Host: Received line: '"action": "label", "label": "Starting countdown"}'
2025-07-07 13:42:14,041 INFO Host: Pushing label: Starting countdown
2025-07-07 13:42:17,046 INFO Host: Received line: '"action": "label", "label": "Countdown Finished, starting experiment"}'
2025-07-07 13:42:17,047 INFO Host: Pushing label: Countdown Finished, starting experiment
2025-07-07 13:42:18,056 INFO Host: Received line: '"action": "label", "label": "Miller Image"}'
2025-07-07 13:42:18,056 INFO Host: Pushing label: Miller Image
2025-07-07 13:43:20,712 INFO Host: Received line: '"action": "touchbox_lsl_true"}'
2025-07-07 13:46:06,390 INFO Client disconnected.
2025-07-07 13:46:06,390 INFO Host: Listener crashed: [WinError 10054] An existing connection was forcibly closed by the remote host
2025-07-07 14:15:57,307 INFO Host: Waiting for client on port 9999...
2025-07-07 14:16:03,756 INFO Host: Connected by ('169.254.185.196', 58889)
2025-07-07 14:16:05,328 INFO Host: Listening for commands...
2025-07-07 14:16:26,656 INFO Host: Received line: '"action": "start_button", "test": "Multisensory Neutral Visual, Tactile & Olfactory"}'
2025-07-07 14:16:26,703 INFO LabRecorder not connected
2025-07-07 14:16:26,704 INFO Eyetracker not connected
2025-07-07 14:16:26,704 INFO Host: Starting test...
2025-07-07 14:16:26,759 INFO Host: Received line: '"action": "label", "label": "showing crosshair instructions"}'
2025-07-07 14:16:26,760 INFO Host: Pushing label: showing crosshair instructions
2025-07-07 14:16:31,768 INFO Host: Received line: '"action": "label", "label": "showing crosshair period"}'
2025-07-07 14:16:31,769 INFO Host: Pushing label: showing crosshair period
2025-07-07 14:16:36,794 INFO Host: Received line: '"action": "label", "label": "showing main instructions"}'
2025-07-07 14:16:36,794 INFO Host: Pushing label: showing main instructions
2025-07-07 14:16:43,377 INFO Host: Received line: '"action": "label", "label": "Starting countdown"}'
2025-07-07 14:16:43,377 INFO Host: Pushing label: Starting countdown
2025-07-07 14:16:46,420 INFO Host: Received line: '"action": "label", "label": "Countdown Finished, starting experiment"}'
2025-07-07 14:16:46,421 INFO Host: Pushing label: Countdown Finished, starting experiment
2025-07-07 14:16:47,432 INFO Host: Received line: '"action": "label", "label": "Miller Image"}'
2025-07-07 14:16:47,433 INFO Host: Pushing label: Miller Image
2025-07-07 14:16:59,455 INFO Host: Received line: '"action": "touchbox_lsl_true"}'
2025-07-07 14:18:01,794 INFO Client disconnected.
2025-07-07 14:18:01,794 INFO Host: Listener crashed: [WinError 10054] An existing connection was forcibly closed by the remote host
2025-07-07 14:28:25,795 INFO Host: Waiting for client on port 9999...
2025-07-07 14:28:27,463 INFO Host: Connected by ('169.254.185.196', 59225)
2025-07-07 14:28:29,029 INFO Host: Listening for commands...
2025-07-07 14:28:38,730 INFO Cannot close host while client is connected. Please close the client first.
2025-07-07 14:28:42,347 INFO Client disconnected.
2025-07-07 14:28:42,347 INFO Host: Listener crashed: [WinError 10054] An existing connection was forcibly closed by the remote host
2025-07-07 14:30:28,635 INFO Host: Waiting for client on port 9999...
2025-07-07 14:30:29,751 INFO Host: Connected by ('169.254.185.196', 59252)
2025-07-07 14:30:31,281 INFO Host: Listening for commands...
2025-07-07 14:30:46,708 INFO Host: Received line: '"action": "start_button", "test": "Multisensory Neutral Visual, Tactile & Olfactory"}'
2025-07-07 14:30:46,757 INFO LabRecorder not connected
2025-07-07 14:30:46,757 INFO Eyetracker not connected
2025-07-07 14:30:46,758 INFO Host: Starting test...
2025-07-07 14:30:46,811 INFO Host: Received line: '"action": "label", "label": "showing crosshair instructions"}'
2025-07-07 14:30:46,811 INFO Host: Pushing label: showing crosshair instructions
2025-07-07 14:30:51,832 INFO Host: Received line: '"action": "label", "label": "showing crosshair period"}'
2025-07-07 14:30:51,832 INFO Host: Pushing label: showing crosshair period
2025-07-07 14:30:56,848 INFO Host: Received line: '"action": "label", "label": "showing main instructions"}'
2025-07-07 14:30:56,848 INFO Host: Pushing label: showing main instructions
2025-07-07 14:30:58,899 INFO Host: Received line: '"action": "label", "label": "Starting countdown"}'
2025-07-07 14:30:58,899 INFO Host: Pushing label: Starting countdown
2025-07-07 14:31:01,891 INFO Host: Received line: '"action": "label", "label": "Countdown Finished, starting experiment"}'
2025-07-07 14:31:01,891 INFO Host: Pushing label: Countdown Finished, starting experiment
2025-07-07 14:31:02,904 INFO Host: Received line: '"action": "label", "label": "Corona Image"}'
2025-07-07 14:31:02,905 INFO Host: Pushing label: Corona Image
2025-07-07 14:31:08,819 INFO Host: Received line: '"action": "touchbox_lsl_true"}'
2025-07-07 14:31:43,229 INFO Client disconnected.
2025-07-07 14:31:43,230 INFO Host: Listener crashed: [WinError 10054] An existing connection was forcibly closed by the remote host
2025-07-07 14:33:50,952 INFO Host: Waiting for client on port 9999...
2025-07-07 14:33:51,756 INFO Host: Connected by ('169.254.185.196', 59292)
2025-07-07 14:33:53,292 INFO Host: Listening for commands...
2025-07-07 14:34:21,361 INFO Host: Received line: '"action": "start_button", "test": "Multisensory Neutral Visual, Tactile & Olfactory"}'
2025-07-07 14:34:21,411 INFO LabRecorder not connected
2025-07-07 14:34:21,411 INFO Eyetracker not connected
2025-07-07 14:34:21,411 INFO Host: Starting test...
2025-07-07 14:34:21,467 INFO Host: Received line: '"action": "label", "label": "showing crosshair instructions"}'
2025-07-07 14:34:21,467 INFO Host: Pushing label: showing crosshair instructions
2025-07-07 14:34:26,493 INFO Host: Received line: '"action": "label", "label": "showing crosshair period"}'
2025-07-07 14:34:26,493 INFO Host: Pushing label: showing crosshair period
2025-07-07 14:34:31,502 INFO Host: Received line: '"action": "label", "label": "showing main instructions"}'
2025-07-07 14:34:31,503 INFO Host: Pushing label: showing main instructions
2025-07-07 14:34:35,970 INFO Host: Received line: '"action": "label", "label": "Starting countdown"}'
2025-07-07 14:34:35,970 INFO Host: Pushing label: Starting countdown
2025-07-07 14:34:38,997 INFO Host: Received line: '"action": "label", "label": "Countdown Finished, starting experiment"}'
2025-07-07 14:34:38,998 INFO Host: Pushing label: Countdown Finished, starting experiment
2025-07-07 14:34:40,009 INFO Host: Received line: '"action": "label", "label": "Beer Image"}'
2025-07-07 14:34:40,009 INFO Host: Pushing label: Beer Image
2025-07-07 14:34:47,370 INFO Host: Received line: '"action": "touchbox_lsl_true"}'
2025-07-07 14:34:49,413 INFO Could not send LSL control message: [WinError 10061] No connection could be made because the target machine actively refused it
2025-07-07 14:34:57,762 INFO Client disconnected.
2025-07-07 14:34:57,763 INFO Host: Listener crashed: [WinError 10054] An existing connection was forcibly closed by the remote host
2025-07-07 14:38:43,496 INFO Host: Waiting for client on port 9999...
2025-07-07 14:38:45,212 INFO Host: Connected by ('169.254.185.196', 59490)
2025-07-07 14:38:46,770 INFO Host: Listening for commands...
2025-07-07 14:38:59,955 INFO Connected (version 2.0, client OpenSSH_9.2p1)
2025-07-07 14:39:00,063 INFO Authentication (publickey) failed.
2025-07-07 14:39:00,096 INFO Authentication (password) successful!
2025-07-07 14:39:21,552 INFO Cannot close host while client is connected. Please close the client first.
2025-07-07 14:39:24,010 INFO Client disconnected.
2025-07-07 14:39:24,010 INFO Host: Listener crashed: [WinError 10054] An existing connection was forcibly closed by the remote host
2025-07-07 14:45:54,104 INFO Host: Waiting for client on port 9999...
2025-07-07 14:45:55,255 INFO Host: Connected by ('169.254.185.196', 59619)
2025-07-07 14:45:56,777 INFO Host: Listening for commands...
2025-07-07 14:46:00,530 INFO Connected (version 2.0, client OpenSSH_9.2p1)
2025-07-07 14:46:00,663 INFO Authentication (publickey) failed.
2025-07-07 14:46:00,695 INFO Authentication (password) successful!
2025-07-07 14:46:11,654 INFO Host: Received line: '"action": "start_button", "test": "Multisensory Neutral Visual, Tactile & Olfactory"}'
2025-07-07 14:46:11,701 INFO LabRecorder not connected
2025-07-07 14:46:11,702 INFO Eyetracker not connected
2025-07-07 14:46:11,702 INFO Host: Starting test...
2025-07-07 14:46:11,758 INFO Host: Received line: '"action": "label", "label": "showing crosshair instructions"}'
2025-07-07 14:46:11,758 INFO Host: Pushing label: showing crosshair instructions
2025-07-07 14:46:16,761 INFO Host: Received line: '"action": "label", "label": "showing crosshair period"}'
2025-07-07 14:46:16,762 INFO Host: Pushing label: showing crosshair period
2025-07-07 14:46:18,174 INFO Host: Received line: '"action": "stop_button", "test": "Multisensory Neutral Visual, Tactile & Olfactory"}'
2025-07-07 14:46:18,174 INFO Host: Stopping test...
2025-07-07 14:46:19,007 INFO Cannot close host while client is connected. Please close the client first.
2025-07-07 14:46:21,591 INFO Host: Listener crashed: [WinError 10054] An existing connection was forcibly closed by the remote host
2025-07-07 14:46:46,691 INFO Host: Waiting for client on port 9999...
2025-07-07 14:46:47,162 INFO Host: Connected by ('169.254.185.196', 59635)
2025-07-07 14:46:48,770 INFO Host: Listening for commands...
2025-07-07 14:46:52,343 INFO Connected (version 2.0, client OpenSSH_9.2p1)
2025-07-07 14:46:52,482 INFO Authentication (publickey) failed.
2025-07-07 14:46:52,516 INFO Authentication (password) successful!
2025-07-07 14:46:55,238 INFO Host: Received line: '"action": "start_button", "test": "Multisensory Neutral Visual, Tactile & Olfactory"}'
2025-07-07 14:46:55,305 INFO LabRecorder not connected
2025-07-07 14:46:55,306 INFO Eyetracker not connected
2025-07-07 14:46:55,306 INFO Host: Starting test...
2025-07-07 14:46:55,341 INFO Host: Received line: '"action": "label", "label": "showing crosshair instructions"}'
2025-07-07 14:46:55,341 INFO Host: Pushing label: showing crosshair instructions
2025-07-07 14:47:00,352 INFO Host: Received line: '"action": "label", "label": "showing crosshair period"}'
2025-07-07 14:47:00,352 INFO Host: Pushing label: showing crosshair period
2025-07-07 14:47:05,341 INFO Host: Received line: '"action": "label", "label": "showing main instructions"}'
2025-07-07 14:47:05,341 INFO Host: Pushing label: showing main instructions
2025-07-07 14:47:06,374 INFO Host: Received line: '"action": "label", "label": "Starting countdown"}'
2025-07-07 14:47:06,375 INFO Host: Pushing label: Starting countdown
2025-07-07 14:47:09,398 INFO Host: Received line: '"action": "label", "label": "Countdown Finished, starting experiment"}'
2025-07-07 14:47:09,399 INFO Host: Pushing label: Countdown Finished, starting experiment
2025-07-07 14:47:10,409 INFO Host: Received line: '"action": "label", "label": "Miller Image"}'
2025-07-07 14:47:10,410 INFO Host: Pushing label: Miller Image
2025-07-07 14:47:16,710 INFO Host: Received line: '"action": "touchbox_lsl_true"}'
2025-07-07 14:47:51,903 INFO Client disconnected.
2025-07-07 14:47:51,903 INFO Host: Listener crashed: [WinError 10054] An existing connection was forcibly closed by the remote host
2025-07-07 14:52:40,625 INFO Host: Waiting for client on port 9999...
2025-07-07 14:52:47,377 INFO Host: Connected by ('169.254.185.196', 59792)
2025-07-07 14:52:48,916 INFO Host: Listening for commands...
2025-07-07 14:52:59,726 INFO Cannot close host while client is connected. Please close the client first.
2025-07-07 14:53:04,367 INFO Client disconnected.
2025-07-07 14:53:04,367 INFO Host: Listener crashed: [WinError 10054] An existing connection was forcibly closed by the remote host
2025-07-07 14:54:23,556 INFO Host: Waiting for client on port 9999...
2025-07-07 14:54:24,391 INFO Host: Connected by ('169.254.185.196', 59870)
2025-07-07 14:54:25,884 INFO Host: Listening for commands...
2025-07-07 14:54:31,196 INFO Connected (version 2.0, client OpenSSH_9.2p1)
2025-07-07 14:54:31,333 INFO Authentication (publickey) failed.
2025-07-07 14:54:31,372 INFO Authentication (password) successful!
2025-07-07 14:54:43,836 INFO Host: Received line: '"action": "start_button", "test": "Multisensory Neutral Visual, Tactile & Olfactory"}'
2025-07-07 14:54:43,885 INFO LabRecorder not connected
2025-07-07 14:54:43,886 INFO Eyetracker not connected
2025-07-07 14:54:43,886 INFO Host: Starting test...
2025-07-07 14:54:43,939 INFO Host: Received line: '"action": "label", "label": "showing crosshair instructions"}'
2025-07-07 14:54:43,940 INFO Host: Pushing label: showing crosshair instructions
2025-07-07 14:54:48,943 INFO Host: Received line: '"action": "label", "label": "showing crosshair period"}'
2025-07-07 14:54:48,944 INFO Host: Pushing label: showing crosshair period
2025-07-07 14:54:53,944 INFO Host: Received line: '"action": "label", "label": "showing main instructions"}'
2025-07-07 14:54:53,946 INFO Host: Pushing label: showing main instructions
2025-07-07 14:54:59,731 INFO Host: Received line: '"action": "label", "label": "Starting countdown"}'
2025-07-07 14:54:59,731 INFO Host: Pushing label: Starting countdown
2025-07-07 14:55:02,777 INFO Host: Received line: '"action": "label", "label": "Countdown Finished, starting experiment"}'
2025-07-07 14:55:02,777 INFO Host: Pushing label: Countdown Finished, starting experiment
2025-07-07 14:55:03,788 INFO Host: Received line: '"action": "label", "label": "Corona Image"}'
2025-07-07 14:55:03,789 INFO Host: Pushing label: Corona Image
2025-07-07 14:55:11,716 INFO Host: Received line: '"action": "touchbox_lsl_true"}'
2025-07-07 14:55:56,999 INFO Client disconnected.
: [WinError 10053] An established connection was aborted by the software in your host machine
2025-07-07 14:58:10,267 INFO Host: Waiting for client on port 9999...
2025-07-07 14:58:10,308 INFO Host: Connected by ('169.254.185.196', 59951)
2025-07-07 14:58:11,836 INFO Host: Listening for commands...
2025-07-07 14:58:15,351 INFO Connected (version 2.0, client OpenSSH_9.2p1)
2025-07-07 14:58:15,491 INFO Authentication (publickey) failed.
2025-07-07 14:58:15,524 INFO Authentication (password) successful!
2025-07-07 14:58:15,586 INFO Host: Received line: '"action": "start_button", "test": "Multisensory Neutral Visual, Tactile & Olfactory"}'
2025-07-07 14:58:15,638 INFO LabRecorder not connected
2025-07-07 14:58:15,638 INFO Eyetracker not connected
2025-07-07 14:58:15,638 INFO Host: Starting test...
2025-07-07 14:58:15,690 INFO Host: Received line: '"action": "label", "label": "showing crosshair instructions"}'
2025-07-07 14:58:15,690 INFO Host: Pushing label: showing crosshair instructions
2025-07-07 14:58:20,694 INFO Host: Received line: '"action": "label", "label": "showing crosshair period"}'
2025-07-07 14:58:20,695 INFO Host: Pushing label: showing crosshair period
2025-07-07 14:58:25,713 INFO Host: Received line: '"action": "label", "label": "showing main instructions"}'
2025-07-07 14:58:25,714 INFO Host: Pushing label: showing main instructions
2025-07-07 14:58:33,849 INFO Host: Received line: '"action": "stop_button", "test": "Multisensory Neutral Visual, Tactile & Olfactory"}'
2025-07-07 14:58:33,850 INFO Host: Stopping test...
2025-07-07 14:58:39,939 INFO Host: Received line: '"action": "start_button", "test": "Multisensory Neutral Visual, Tactile & Olfactory"}'
2025-07-07 14:58:39,939 INFO LabRecorder not connected
2025-07-07 14:58:39,939 INFO Eyetracker not connected
2025-07-07 14:58:39,940 INFO Host: Starting test...
2025-07-07 14:58:44,778 INFO Host: Received line: '"action": "stop_button", "test": "Multisensory Neutral Visual, Tactile & Olfactory"}'
2025-07-07 14:58:44,779 INFO Host: Stopping test...
2025-07-07 14:58:46,779 INFO Host: Received line: '"action": "start_button", "test": "Multisensory Neutral Visual, Tactile & Olfactory"}'
2025-07-07 14:58:46,780 INFO LabRecorder not connected
2025-07-07 14:58:46,780 INFO Eyetracker not connected
2025-07-07 14:58:46,781 INFO Host: Starting test...
2025-07-07 14:58:57,740 INFO Host: Listener crashed: [WinError 10054] An existing connection was forcibly closed by the remote host
2025-07-07 14:59:19,122 INFO Host: Waiting for client on port 9999...
2025-07-07 14:59:19,855 INFO Host: Connected by ('169.254.185.196', 59970)
2025-07-07 14:59:21,356 INFO Host: Listening for commands...
2025-07-07 14:59:25,181 INFO Connected (version 2.0, client OpenSSH_9.2p1)
2025-07-07 14:59:25,294 INFO Authentication (publickey) failed.
2025-07-07 14:59:25,328 INFO Authentication (password) successful!
2025-07-07 14:59:32,794 INFO Host: Received line: '"action": "start_button", "test": "Multisensory Neutral Visual, Tactile & Olfactory"}'
2025-07-07 14:59:32,847 INFO LabRecorder not connected
2025-07-07 14:59:32,848 INFO Eyetracker not connected
2025-07-07 14:59:32,848 INFO Host: Starting test...
2025-07-07 14:59:32,896 INFO Host: Received line: '"action": "label", "label": "showing crosshair instructions"}'
2025-07-07 14:59:32,896 INFO Host: Pushing label: showing crosshair instructions
2025-07-07 14:59:37,908 INFO Host: Received line: '"action": "label", "label": "showing crosshair period"}'
2025-07-07 14:59:37,908 INFO Host: Pushing label: showing crosshair period
2025-07-07 14:59:42,899 INFO Host: Received line: '"action": "label", "label": "showing main instructions"}'
2025-07-07 14:59:42,899 INFO Host: Pushing label: showing main instructions
2025-07-07 14:59:43,834 INFO Host: Received line: '"action": "label", "label": "Starting countdown"}'
2025-07-07 14:59:43,834 INFO Host: Pushing label: Starting countdown
2025-07-07 14:59:46,874 INFO Host: Received line: '"action": "label", "label": "Countdown Finished, starting experiment"}'
2025-07-07 14:59:46,874 INFO Host: Pushing label: Countdown Finished, starting experiment
2025-07-07 14:59:47,884 INFO Host: Received line: '"action": "label", "label": "Beer Image"}'
2025-07-07 14:59:47,885 INFO Host: Pushing label: Beer Image
2025-07-07 14:59:53,354 INFO Host: Received line: '"action": "touchbox_lsl_true"}'
2025-07-07 15:00:21,782 INFO Host: Listener crashed: [WinError 10053] An established connection was aborted by the software in your host machine
2025-07-07 15:03:52,761 INFO Host: Waiting for client on port 9999...
2025-07-07 15:03:53,155 INFO Host: Connected by ('169.254.185.196', 60013)
2025-07-07 15:03:54,704 INFO Host: Listening for commands...
2025-07-07 15:03:58,995 INFO Connected (version 2.0, client OpenSSH_9.2p1)
2025-07-07 15:03:59,148 INFO Authentication (publickey) failed.
2025-07-07 15:03:59,183 INFO Authentication (password) successful!
2025-07-07 15:04:05,448 INFO Host: Received line: '"action": "start_button", "test": "Multisensory Neutral Visual, Tactile & Olfactory"}'
2025-07-07 15:04:05,499 INFO LabRecorder not connected
2025-07-07 15:04:05,500 INFO Eyetracker not connected
2025-07-07 15:04:05,501 INFO Host: Starting test...
2025-07-07 15:04:05,549 INFO Host: Received line: '"action": "label", "label": "showing crosshair instructions"}'
2025-07-07 15:04:05,550 INFO Host: Pushing label: showing crosshair instructions
2025-07-07 15:04:10,560 INFO Host: Received line: '"action": "label", "label": "showing crosshair period"}'
2025-07-07 15:04:10,560 INFO Host: Pushing label: showing crosshair period
2025-07-07 15:04:15,564 INFO Host: Received line: '"action": "label", "label": "showing main instructions"}'
2025-07-07 15:04:15,564 INFO Host: Pushing label: showing main instructions
2025-07-07 15:04:16,040 INFO Host: Received line: '"action": "label", "label": "Starting countdown"}'
2025-07-07 15:04:16,040 INFO Host: Pushing label: Starting countdown
2025-07-07 15:04:19,051 INFO Host: Received line: '"action": "label", "label": "Countdown Finished, starting experiment"}'
2025-07-07 15:04:19,051 INFO Host: Pushing label: Countdown Finished, starting experiment
2025-07-07 15:04:20,067 INFO Host: Received line: '"action": "label", "label": "Miller Image"}'
2025-07-07 15:04:20,067 INFO Host: Pushing label: Miller Image
2025-07-07 15:04:27,208 INFO Host: Received line: '"action": "touchbox_lsl_true"}'
2025-07-07 15:04:57,733 INFO Host: Listener crashed: [WinError 10053] An established connection was aborted by the software in your host machine
2025-07-07 15:04:57,733 INFO Client disconnected.
2025-07-07 15:08:43,899 INFO Host: Waiting for client on port 9999...
2025-07-07 15:08:46,147 INFO Host: Connected by ('169.254.185.196', 60274)
2025-07-07 15:08:47,750 INFO Host: Listening for commands...
2025-07-07 15:08:53,709 INFO Connected (version 2.0, client OpenSSH_9.2p1)
2025-07-07 15:08:53,841 INFO Authentication (publickey) failed.
2025-07-07 15:08:53,874 INFO Authentication (password) successful!
2025-07-07 15:09:00,248 INFO Host: Received line: '"action": "start_button", "test": "Multisensory Neutral Visual, Tactile & Olfactory"}'
2025-07-07 15:09:00,299 INFO LabRecorder not connected
2025-07-07 15:09:00,299 INFO Eyetracker not connected
2025-07-07 15:09:00,300 INFO Host: Starting test...
2025-07-07 15:09:00,350 INFO Host: Received line: '"action": "label", "label": "showing crosshair instructions"}'
2025-07-07 15:09:00,350 INFO Host: Pushing label: showing crosshair instructions
2025-07-07 15:09:05,371 INFO Host: Received line: '"action": "label", "label": "showing crosshair period"}'
2025-07-07 15:09:05,372 INFO Host: Pushing label: showing crosshair period
2025-07-07 15:09:10,378 INFO Host: Received line: '"action": "label", "label": "showing main instructions"}'
2025-07-07 15:09:10,379 INFO Host: Pushing label: showing main instructions
2025-07-07 15:09:11,670 INFO Host: Received line: '"action": "label", "label": "Starting countdown"}'
2025-07-07 15:09:11,671 INFO Host: Pushing label: Starting countdown
2025-07-07 15:09:14,665 INFO Host: Received line: '"action": "label", "label": "Countdown Finished, starting experiment"}'
2025-07-07 15:09:14,665 INFO Host: Pushing label: Countdown Finished, starting experiment
2025-07-07 15:09:15,678 INFO Host: Received line: '"action": "label", "label": "Corona Image"}'
2025-07-07 15:09:15,678 INFO Host: Pushing label: Corona Image
2025-07-07 15:09:25,095 INFO Host: Received line: '"action": "touchbox_lsl_true"}'
2025-07-07 15:09:51,560 INFO Host: Listener crashed: [WinError 10053] An established connection was aborted by the software in your host machine
2025-07-07 15:09:51,560 INFO Client disconnected.
2025-07-07 15:15:16,115 INFO Host: Waiting for client on port 9999...
2025-07-07 15:15:17,134 INFO Host: Connected by ('169.254.185.196', 60404)
2025-07-07 15:15:18,651 INFO Host: Listening for commands...
2025-07-07 15:15:29,126 INFO Cannot close host while client is connected. Please close the client first.
2025-07-07 15:15:33,012 INFO Client disconnected.
2025-07-07 15:15:44,025 INFO Host: Waiting for client on port 9999...
2025-07-07 15:15:44,938 INFO Host: Connected by ('169.254.185.196', 60408)
2025-07-07 15:15:46,482 INFO Host: Listening for commands...
2025-07-07 15:16:00,332 INFO Client disconnected.
2025-07-07 15:23:15,050 INFO Host: Waiting for client on port 9999...
2025-07-07 15:23:16,085 INFO Host: Connected by ('169.254.185.196', 60712)
2025-07-07 15:23:17,605 INFO Host: Listening for commands...
2025-07-07 15:23:21,154 INFO Connected (version 2.0, client OpenSSH_9.2p1)
2025-07-07 15:23:21,296 INFO Authentication (publickey) failed.
2025-07-07 15:23:21,334 INFO Authentication (password) successful!
2025-07-07 15:23:24,147 INFO Host: Received line: '"action": "start_button", "test": "Multisensory Neutral Visual, Tactile & Olfactory"}'
2025-07-07 15:23:24,268 INFO LabRecorder not connected
2025-07-07 15:23:24,284 INFO Eyetracker not connected
2025-07-07 15:23:24,300 INFO Host: Starting test...
2025-07-07 15:23:29,224 INFO Host: Received line: '"action": "label", "label": "showing crosshair period"}'
2025-07-07 15:23:29,246 INFO Host: Pushing label: showing crosshair period
2025-07-07 15:23:34,239 INFO Host: Received line: '"action": "label", "label": "showing main instructions"}'
2025-07-07 15:23:34,255 INFO Host: Pushing label: showing main instructions
2025-07-07 15:23:37,286 INFO Host: Received line: '"action": "label", "label": "Starting countdown"}'
2025-07-07 15:23:37,297 INFO Host: Pushing label: Starting countdown
2025-07-07 15:23:40,336 INFO Host: Received line: '"action": "label", "label": "Countdown Finished, starting experiment"}'
2025-07-07 15:23:40,336 INFO Host: Pushing label: Countdown Finished, starting experiment
2025-07-07 15:23:41,347 INFO Host: Received line: '"action": "label", "label": "Corona Image"}'
2025-07-07 15:23:41,374 INFO Host: Pushing label: Corona Image
2025-07-07 15:23:47,725 INFO Host: Received line: '"action": "touchbox_lsl_true"}'
2025-07-07 15:24:19,054 INFO Cannot close host while client is connected. Please close the client first.
2025-07-07 15:24:19,465 INFO Client disconnected.
2025-07-07 15:24:19,465 INFO Host: Listener crashed: [WinError 10054] An existing connection was forcibly closed by the remote host
2025-07-07 15:31:57,137 INFO Host: Waiting for client on port 9999...
2025-07-07 15:31:57,913 INFO Host: Connected by ('169.254.185.196', 60877)
2025-07-07 15:31:59,419 INFO Host: Listening for commands...
2025-07-07 15:32:03,491 INFO Connected (version 2.0, client OpenSSH_9.2p1)
2025-07-07 15:32:03,605 INFO Authentication (publickey) failed.
2025-07-07 15:32:03,641 INFO Authentication (password) successful!
2025-07-07 15:32:04,830 INFO Host: Received line: '"action": "start_button", "test": "Multisensory Neutral Visual, Tactile & Olfactory"}'
2025-07-07 15:32:04,912 INFO LabRecorder not connected
2025-07-07 15:32:04,918 INFO Eyetracker not connected
2025-07-07 15:32:04,941 INFO Host: Starting test...
2025-07-07 15:32:09,928 INFO Host: Received line: '"action": "label", "label": "showing crosshair period"}'
2025-07-07 15:32:09,944 INFO Host: Pushing label: showing crosshair period
2025-07-07 15:32:14,923 INFO Host: Received line: '"action": "label", "label": "showing main instructions"}'
2025-07-07 15:32:14,943 INFO Host: Pushing label: showing main instructions
2025-07-07 15:32:17,037 INFO Host: Received line: '"action": "label", "label": "Starting countdown"}'
2025-07-07 15:32:17,064 INFO Host: Pushing label: Starting countdown
2025-07-07 15:32:20,052 INFO Host: Received line: '"action": "label", "label": "Countdown Finished, starting experiment"}'
2025-07-07 15:32:20,074 INFO Host: Pushing label: Countdown Finished, starting experiment
2025-07-07 15:32:21,060 INFO Host: Received line: '"action": "label", "label": "Miller Image"}'
2025-07-07 15:32:21,085 INFO Host: Pushing label: Miller Image
2025-07-07 15:32:26,892 INFO Host: Received line: '"action": "touchbox_lsl_true"}'
2025-07-07 15:32:50,344 INFO Client disconnected.
2025-07-07 15:32:50,350 INFO Host: Listener crashed: [WinError 10054] An existing connection was forcibly closed by the remote host
2025-07-07 15:37:50,810 INFO Host: Waiting for client on port 9999...
2025-07-07 15:37:51,805 INFO Host: Connected by ('169.254.185.196', 61062)
2025-07-07 15:37:53,331 INFO Host: Listening for commands...
2025-07-07 15:38:24,460 INFO Client disconnected.
2025-07-07 15:38:24,460 INFO Host: Listener crashed: [WinError 10054] An existing connection was forcibly closed by the remote host
2025-07-07 15:43:53,809 INFO Host: Waiting for client on port 9999...
2025-07-07 15:43:55,512 INFO Host: Connected by ('169.254.185.196', 61208)
2025-07-07 15:43:57,014 INFO Host: Listening for commands...
2025-07-07 15:44:01,368 INFO Host: Pushing label: hello
2025-07-07 15:44:01,595 INFO Host: Received line: '"action": "start_button", "test": "Multisensory Neutral Visual, Tactile & Olfactory"}'
2025-07-07 15:44:01,596 INFO LabRecorder not connected
2025-07-07 15:44:01,596 INFO Eyetracker not connected
2025-07-07 15:44:01,596 INFO Host: Starting test...
2025-07-07 15:44:01,700 INFO Host: Received line: '"action": "label", "label": "showing crosshair instructions"}'
2025-07-07 15:44:01,701 INFO Host: Pushing label: showing crosshair instructions
2025-07-07 15:44:06,715 INFO Host: Received line: '"action": "label", "label": "showing crosshair period"}'
2025-07-07 15:44:06,715 INFO Host: Pushing label: showing crosshair period
2025-07-07 15:44:11,738 INFO Host: Received line: '"action": "label", "label": "showing main instructions"}'
2025-07-07 15:44:11,738 INFO Host: Pushing label: showing main instructions
2025-07-07 15:44:29,084 INFO Host: Received line: '"action": "label", "label": "Starting countdown"}'
2025-07-07 15:44:29,085 INFO Host: Pushing label: Starting countdown
2025-07-07 15:44:32,120 INFO Host: Received line: '"action": "label", "label": "Countdown Finished, starting experiment"}'
2025-07-07 15:44:32,121 INFO Host: Pushing label: Countdown Finished, starting experiment
2025-07-07 15:44:33,138 INFO Host: Received line: '"action": "label", "label": "Beer Image"}'
2025-07-07 15:44:33,139 INFO Host: Pushing label: Beer Image
2025-07-07 15:44:34,204 INFO Client disconnected.
2025-07-07 15:44:34,204 INFO Host: Listener crashed: [WinError 10054] An existing connection was forcibly closed by the remote host
2025-07-07 15:50:38,563 INFO Host: Waiting for client on port 9999...
2025-07-07 15:50:38,821 INFO Host: Connected by ('169.254.185.196', 61338)
2025-07-07 15:50:40,436 INFO Host: Listening for commands...
2025-07-07 15:50:43,880 INFO Host: Pushing label: hello
2025-07-07 15:50:46,908 INFO Connected (version 2.0, client OpenSSH_9.2p1)
2025-07-07 15:50:47,053 INFO Authentication (publickey) failed.
2025-07-07 15:50:47,120 INFO Authentication (password) successful!
2025-07-07 15:50:47,890 INFO Host: Received line: '"action": "start_button", "test": "Multisensory Neutral Visual, Tactile & Olfactory"}'
2025-07-07 15:50:47,891 INFO LabRecorder not connected
2025-07-07 15:50:47,891 INFO Eyetracker not connected
2025-07-07 15:50:47,891 INFO Host: Starting test...
2025-07-07 15:50:47,993 INFO Host: Received line: '"action": "label", "label": "showing crosshair instructions"}'
2025-07-07 15:50:47,994 INFO Host: Pushing label: showing crosshair instructions
2025-07-07 15:50:53,004 INFO Host: Received line: '"action": "label", "label": "showing crosshair period"}'
2025-07-07 15:50:53,006 INFO Host: Pushing label: showing crosshair period
2025-07-07 15:50:58,016 INFO Host: Received line: '"action": "label", "label": "showing main instructions"}'
2025-07-07 15:50:58,016 INFO Host: Pushing label: showing main instructions
2025-07-07 15:50:58,881 INFO Host: Received line: '"action": "label", "label": "Starting countdown"}'
2025-07-07 15:50:58,882 INFO Host: Pushing label: Starting countdown
2025-07-07 15:51:01,906 INFO Host: Received line: '"action": "label", "label": "Countdown Finished, starting experiment"}'
2025-07-07 15:51:01,907 INFO Host: Pushing label: Countdown Finished, starting experiment
2025-07-07 15:51:02,920 INFO Host: Received line: '"action": "label", "label": "Corona Image"}'
2025-07-07 15:51:02,921 INFO Host: Pushing label: Corona Image
2025-07-07 15:51:09,106 INFO Host: Received line: '"action": "touchbox_lsl_true"}'
2025-07-07 15:51:20,182 INFO Host: Pushing label: touch
2025-07-07 15:51:20,197 INFO Host: Received line: '"action": "label", "label": "Beer Image"}'
2025-07-07 15:51:20,197 INFO Host: Pushing label: Beer Image
2025-07-07 15:51:49,311 INFO Cannot close host while client is connected. Please close the client first.
2025-07-07 15:51:59,761 INFO Client disconnected.
2025-07-07 15:51:59,761 INFO Host: Listener crashed: [WinError 10054] An existing connection was forcibly closed by the remote host
2025-07-08 09:39:52,834 INFO Client: Connected to host.
2025-07-08 09:40:37,848 INFO Client: Connected to host.
2025-07-08 09:47:46,877 INFO Client: Connected to host.
2025-07-08 09:54:32,450 INFO Client: Connected to host.
2025-07-08 10:13:03,976 INFO Client: Connected to host.
2025-07-08 10:16:59,713 INFO Client: Connected to host.
2025-07-08 10:20:52,054 INFO Client: Connected to host.
2025-07-08 10:30:49,716 INFO Client: Connected to host.
2025-07-08 10:32:34,573 INFO Client: Connected to host.
2025-07-08 10:36:06,470 INFO Client: Connected to host.
2025-07-08 10:37:52,995 INFO Client: Connected to host.
2025-07-08 10:48:57,456 INFO Client: Connected to host.
2025-07-08 10:55:54,912 INFO Client: Connected to host.
2025-07-08 10:57:27,447 INFO Client: Connected to host.
2025-07-08 10:59:09,189 INFO Client: Connected to host.
2025-07-08 11:02:18,346 INFO Client: Connected to host.
2025-07-08 13:14:29,438 INFO Client: Connected to host.
2025-07-08 13:22:25,334 INFO Client: Connected to host.
2025-07-08 13:28:30,973 INFO Client: Connected to host.
2025-07-08 13:38:41,371 INFO Client: Connected to host.
2025-07-08 14:04:27,158 INFO Client: Connected to host.
2025-07-08 14:12:23,851 INFO Please enter a valid Subject ID and Test Number (1 or 2).
2025-07-08 14:12:32,565 INFO Client: Connected to host.
2025-07-08 14:31:37,714 INFO Client: Connected to host.
2025-07-08 14:47:27,600 INFO Client: Connected to host.
2025-07-08 14:59:21,526 INFO Client: Connected to host.
2025-07-08 15:01:05,656 INFO Client: Connected to host.
